<?xml version='1.0' encoding='UTF-8'?>
<timetable station='Forchheim Hallenbad, Rheinstetten'>
  <s id="1237501555320722485-2101021704-27">
    <tl f="S" t="p" o="A6" c="S" n="23126"/>
    <ar pt="2101021745" pp="" l="2" ppth="Hagsfeld Reitschulschlag (Schleife), Karlsruhe|Hagsfeld Reitschulschlag, Karlsruhe|Hagsfeld Jenaer Stra&#223;e, Karlsruhe|Hagsfeld Gerolds&#228;cker, Karlsruhe|Hagsfeld Bahnhof, Karlsruhe|Hagsfeld S&#252;d, Karlsruhe|Rintheim Sinsheimer Stra&#223;e, Karlsruhe|Hirtenweg/Technologiepark, Karlsruhe|Hauptfriedhof, Karlsruhe|Durlacher Tor/KIT-Campus S&#252;d, Karlsruhe|Kronenplatz (Kaiserstra&#223;e), Karlsruhe|Karlsruhe Marktplatz (Kaiserstra&#223;e)|Herrenstra&#223;e, Karlsruhe|Europaplatz/Postgal. (Kaiser), Karlsruhe|Karlsruhe M&#252;hlburger Tor (Kaiserallee)|Yorckstra&#223;e, Karlsruhe|H&#228;ndelstra&#223;e, Karlsruhe|Philippstra&#223;e, Karlsruhe|Karlsruhe Entenfang|Eckenerstra&#223;e, Karlsruhe|Rheinhafenstra&#223;e, Karlsruhe|Daxlanden Thomas-Mann-Stra&#223;e, Karlsruhe|Daxlanden Karl-Delisle-Stra&#223;e, Karlsruhe|Daxlanden Dornr&#246;schenweg, Karlsruhe|Daxlanden Nussbaumweg, Karlsruhe|Forchheim Leichtsandstr./Messe Karlsruhe, Rheinste"/>
    <dp pt="2101021745" pp="" l="2" ppth="Forchheim Hauptstra&#223;e, Rheinstetten|Forchheim Oberfeldstra&#223;e, Rheinstetten|M&#246;rsch R&#246;sselsbr&#252;nnle, Rheinstetten|M&#246;rsch Narzissenstra&#223;e, Rheinstetten|M&#246;rsch R&#246;merstra&#223;e, Rheinstetten|M&#246;rsch Rheinaustra&#223;e, Rheinstetten|M&#246;rsch Merkurstra&#223;e, Rheinstetten|M&#246;rsch Am Hang, Rheinstetten|M&#246;rsch Bach-West, Rheinstetten"/>
  </s>
  <s id="5642949898127622124-2101021644-27">
    <tl f="S" t="p" o="A6" c="S" n="22388"/>
    <ar pt="2101021725" pp="" l="2" ppth="Hagsfeld Reitschulschlag (Schleife), Karlsruhe|Hagsfeld Reitschulschlag, Karlsruhe|Hagsfeld Jenaer Stra&#223;e, Karlsruhe|Hagsfeld Gerolds&#228;cker, Karlsruhe|Hagsfeld Bahnhof, Karlsruhe|Hagsfeld S&#252;d, Karlsruhe|Rintheim Sinsheimer Stra&#223;e, Karlsruhe|Hirtenweg/Technologiepark, Karlsruhe|Hauptfriedhof, Karlsruhe|Durlacher Tor/KIT-Campus S&#252;d, Karlsruhe|Kronenplatz (Kaiserstra&#223;e), Karlsruhe|Karlsruhe Marktplatz (Kaiserstra&#223;e)|Herrenstra&#223;e, Karlsruhe|Europaplatz/Postgal. (Kaiser), Karlsruhe|Karlsruhe M&#252;hlburger Tor (Kaiserallee)|Yorckstra&#223;e, Karlsruhe|H&#228;ndelstra&#223;e, Karlsruhe|Philippstra&#223;e, Karlsruhe|Karlsruhe Entenfang|Eckenerstra&#223;e, Karlsruhe|Rheinhafenstra&#223;e, Karlsruhe|Daxlanden Thomas-Mann-Stra&#223;e, Karlsruhe|Daxlanden Karl-Delisle-Stra&#223;e, Karlsruhe|Daxlanden Dornr&#246;schenweg, Karlsruhe|Daxlanden Nussbaumweg, Karlsruhe|Forchheim Leichtsandstr./Messe Karlsruhe, Rheinste"/>
    <dp pt="2101021725" pp="" l="2" ppth="Forchheim Hauptstra&#223;e, Rheinstetten|Forchheim Oberfeldstra&#223;e, Rheinstetten|M&#246;rsch R&#246;sselsbr&#252;nnle, Rheinstetten|M&#246;rsch Narzissenstra&#223;e, Rheinstetten|M&#246;rsch R&#246;merstra&#223;e, Rheinstetten|M&#246;rsch Rheinaustra&#223;e, Rheinstetten|M&#246;rsch Merkurstra&#223;e, Rheinstetten|M&#246;rsch Am Hang, Rheinstetten|M&#246;rsch Bach-West, Rheinstetten"/>
  </s>
  <s id="4755989847772494454-2101021624-27">
    <tl f="S" t="p" o="A6" c="S" n="21646"/>
    <ar pt="2101021705" pp="" l="2" ppth="Hagsfeld Reitschulschlag (Schleife), Karlsruhe|Hagsfeld Reitschulschlag, Karlsruhe|Hagsfeld Jenaer Stra&#223;e, Karlsruhe|Hagsfeld Gerolds&#228;cker, Karlsruhe|Hagsfeld Bahnhof, Karlsruhe|Hagsfeld S&#252;d, Karlsruhe|Rintheim Sinsheimer Stra&#223;e, Karlsruhe|Hirtenweg/Technologiepark, Karlsruhe|Hauptfriedhof, Karlsruhe|Durlacher Tor/KIT-Campus S&#252;d, Karlsruhe|Kronenplatz (Kaiserstra&#223;e), Karlsruhe|Karlsruhe Marktplatz (Kaiserstra&#223;e)|Herrenstra&#223;e, Karlsruhe|Europaplatz/Postgal. (Kaiser), Karlsruhe|Karlsruhe M&#252;hlburger Tor (Kaiserallee)|Yorckstra&#223;e, Karlsruhe|H&#228;ndelstra&#223;e, Karlsruhe|Philippstra&#223;e, Karlsruhe|Karlsruhe Entenfang|Eckenerstra&#223;e, Karlsruhe|Rheinhafenstra&#223;e, Karlsruhe|Daxlanden Thomas-Mann-Stra&#223;e, Karlsruhe|Daxlanden Karl-Delisle-Stra&#223;e, Karlsruhe|Daxlanden Dornr&#246;schenweg, Karlsruhe|Daxlanden Nussbaumweg, Karlsruhe|Forchheim Leichtsandstr./Messe Karlsruhe, Rheinste"/>
    <dp pt="2101021705" pp="" l="2" ppth="Forchheim Hauptstra&#223;e, Rheinstetten|Forchheim Oberfeldstra&#223;e, Rheinstetten|M&#246;rsch R&#246;sselsbr&#252;nnle, Rheinstetten|M&#246;rsch Narzissenstra&#223;e, Rheinstetten|M&#246;rsch R&#246;merstra&#223;e, Rheinstetten|M&#246;rsch Rheinaustra&#223;e, Rheinstetten|M&#246;rsch Merkurstra&#223;e, Rheinstetten|M&#246;rsch Am Hang, Rheinstetten|M&#246;rsch Bach-West, Rheinstetten"/>
  </s>
</timetable>

